[2m2024-03-19 16:14:13.100[0;39m [32m- INFO[0;39m [35m38077[0;39m [2m---[0;39m [2m[           main][0;39m [36mcom.example.backend.BackendApplication  [0;39m [2m:[0;39m Starting BackendApplication using Java 17.0.10 with PID 38077 (/home/sridhar/HAD/backend/target/classes started by sridhar in /home/sridhar/HAD/backend)
-[2m2024-03-19 16:14:13.108[0;39m [32m- INFO[0;39m [35m38077[0;39m [2m---[0;39m [2m[           main][0;39m [36mcom.example.backend.BackendApplication  [0;39m [2m:[0;39m No active profile set, falling back to 1 default profile: "default"
-[2m2024-03-19 16:14:13.961[0;39m [32m- INFO[0;39m [35m38077[0;39m [2m---[0;39m [2m[           main][0;39m [36m.s.d.r.c.RepositoryConfigurationDelegate[0;39m [2m:[0;39m Bootstrapping Spring Data JPA repositories in DEFAULT mode.
-[2m2024-03-19 16:14:14.043[0;39m [32m- INFO[0;39m [35m38077[0;39m [2m---[0;39m [2m[           main][0;39m [36m.s.d.r.c.RepositoryConfigurationDelegate[0;39m [2m:[0;39m Finished Spring Data repository scanning in 66 ms. Found 3 JPA repository interfaces.
-[2m2024-03-19 16:14:14.696[0;39m [32m- INFO[0;39m [35m38077[0;39m [2m---[0;39m [2m[           main][0;39m [36mo.s.b.w.embedded.tomcat.TomcatWebServer [0;39m [2m:[0;39m Tomcat initialized with port 9191 (http)
-[2m2024-03-19 16:14:14.708[0;39m [32m- INFO[0;39m [35m38077[0;39m [2m---[0;39m [2m[           main][0;39m [36mo.apache.catalina.core.StandardService  [0;39m [2m:[0;39m Starting service [Tomcat]
-[2m2024-03-19 16:14:14.709[0;39m [32m- INFO[0;39m [35m38077[0;39m [2m---[0;39m [2m[           main][0;39m [36mo.apache.catalina.core.StandardEngine   [0;39m [2m:[0;39m Starting Servlet engine: [Apache Tomcat/10.1.18]
-[2m2024-03-19 16:14:14.771[0;39m [32m- INFO[0;39m [35m38077[0;39m [2m---[0;39m [2m[           main][0;39m [36mo.a.c.c.C.[Tomcat].[localhost].[/]      [0;39m [2m:[0;39m Initializing Spring embedded WebApplicationContext
-[2m2024-03-19 16:14:14.772[0;39m [32m- INFO[0;39m [35m38077[0;39m [2m---[0;39m [2m[           main][0;39m [36mw.s.c.ServletWebServerApplicationContext[0;39m [2m:[0;39m Root WebApplicationContext: initialization completed in 1596 ms
-[2m2024-03-19 16:14:14.977[0;39m [32m- INFO[0;39m [35m38077[0;39m [2m---[0;39m [2m[           main][0;39m [36mo.hibernate.jpa.internal.util.LogHelper [0;39m [2m:[0;39m HHH000204: Processing PersistenceUnitInfo [name: default]
-[2m2024-03-19 16:14:15.074[0;39m [32m- INFO[0;39m [35m38077[0;39m [2m---[0;39m [2m[           main][0;39m [36morg.hibernate.Version                   [0;39m [2m:[0;39m HHH000412: Hibernate ORM core version 6.4.1.Final
-[2m2024-03-19 16:14:15.137[0;39m [32m- INFO[0;39m [35m38077[0;39m [2m---[0;39m [2m[           main][0;39m [36mo.h.c.internal.RegionFactoryInitiator   [0;39m [2m:[0;39m HHH000026: Second-level cache disabled
-[2m2024-03-19 16:14:15.434[0;39m [32m- INFO[0;39m [35m38077[0;39m [2m---[0;39m [2m[           main][0;39m [36mo.s.o.j.p.SpringPersistenceUnitInfo     [0;39m [2m:[0;39m No LoadTimeWeaver setup: ignoring JPA class transformer
-[2m2024-03-19 16:14:15.465[0;39m [32m- INFO[0;39m [35m38077[0;39m [2m---[0;39m [2m[           main][0;39m [36mcom.zaxxer.hikari.HikariDataSource      [0;39m [2m:[0;39m HikariPool-1 - Starting...
-[2m2024-03-19 16:14:15.788[0;39m [32m- INFO[0;39m [35m38077[0;39m [2m---[0;39m [2m[           main][0;39m [36mcom.zaxxer.hikari.pool.HikariPool       [0;39m [2m:[0;39m HikariPool-1 - Added connection com.mysql.cj.jdbc.ConnectionImpl@6f106af8
-[2m2024-03-19 16:14:15.790[0;39m [32m- INFO[0;39m [35m38077[0;39m [2m---[0;39m [2m[           main][0;39m [36mcom.zaxxer.hikari.HikariDataSource      [0;39m [2m:[0;39m HikariPool-1 - Start completed.
-[2m2024-03-19 16:14:16.832[0;39m [32m- INFO[0;39m [35m38077[0;39m [2m---[0;39m [2m[           main][0;39m [36mo.h.e.t.j.p.i.JtaPlatformInitiator      [0;39m [2m:[0;39m HHH000489: No JTA platform available (set 'hibernate.transaction.jta.platform' to enable JTA platform integration)
-[2m2024-03-19 16:14:16.947[0;39m [32m- INFO[0;39m [35m38077[0;39m [2m---[0;39m [2m[           main][0;39m [36mj.LocalContainerEntityManagerFactoryBean[0;39m [2m:[0;39m Initialized JPA EntityManagerFactory for persistence unit 'default'
-[2m2024-03-19 16:14:17.460[0;39m [33m- WARN[0;39m [35m38077[0;39m [2m---[0;39m [2m[           main][0;39m [36mJpaBaseConfiguration$JpaWebConfiguration[0;39m [2m:[0;39m spring.jpa.open-in-view is enabled by default. Therefore, database queries may be performed during view rendering. Explicitly configure spring.jpa.open-in-view to disable this warning
-[2m2024-03-19 16:14:17.848[0;39m [32m- INFO[0;39m [35m38077[0;39m [2m---[0;39m [2m[           main][0;39m [36mo.s.b.w.embedded.tomcat.TomcatWebServer [0;39m [2m:[0;39m Tomcat started on port 9191 (http) with context path ''
-[2m2024-03-19 16:14:17.859[0;39m [32m- INFO[0;39m [35m38077[0;39m [2m---[0;39m [2m[           main][0;39m [36mcom.example.backend.BackendApplication  [0;39m [2m:[0;39m Started BackendApplication in 5.288 seconds (process running for 5.803)
-[2m2024-03-19 16:14:34.233[0;39m [32m- INFO[0;39m [35m38077[0;39m [2m---[0;39m [2m[nio-9191-exec-1][0;39m [36mo.a.c.c.C.[Tomcat].[localhost].[/]      [0;39m [2m:[0;39m Initializing Spring DispatcherServlet 'dispatcherServlet'
-[2m2024-03-19 16:14:34.233[0;39m [32m- INFO[0;39m [35m38077[0;39m [2m---[0;39m [2m[nio-9191-exec-1][0;39m [36mo.s.web.servlet.DispatcherServlet       [0;39m [2m:[0;39m Initializing Servlet 'dispatcherServlet'
-[2m2024-03-19 16:14:34.235[0;39m [32m- INFO[0;39m [35m38077[0;39m [2m---[0;39m [2m[nio-9191-exec-1][0;39m [36mo.s.web.servlet.DispatcherServlet       [0;39m [2m:[0;39m Completed initialization in 0 ms
-[2m2024-03-19 17:51:58.260[0;39m [32m- INFO[0;39m [35m38077[0;39m [2m---[0;39m [2m[ionShutdownHook][0;39m [36mj.LocalContainerEntityManagerFactoryBean[0;39m [2m:[0;39m Closing JPA EntityManagerFactory for persistence unit 'default'
-[2m2024-03-19 17:51:58.265[0;39m [32m- INFO[0;39m [35m38077[0;39m [2m---[0;39m [2m[ionShutdownHook][0;39m [36mcom.zaxxer.hikari.HikariDataSource      [0;39m [2m:[0;39m HikariPool-1 - Shutdown initiated...
-[2m2024-03-19 17:51:58.274[0;39m [32m- INFO[0;39m [35m38077[0;39m [2m---[0;39m [2m[ionShutdownHook][0;39m [36mcom.zaxxer.hikari.HikariDataSource      [0;39m [2m:[0;39m HikariPool-1 - Shutdown completed.
-